<?xml version="1.0" encoding="UTF-8"?>
<!-- Generated by org.testng.reporters.JUnitReportReporter -->
<testsuite hostname="nish3147649-03" name="com.pom.monefy.testcases.NewTransferTest" tests="1" failures="0" timestamp="6 Sep 2021 08:13:05 GMT" time="16.235" errors="0">
  <testcase name="verifyNewIncome" time="16.235" classname="com.pom.monefy.testcases.NewTransferTest"/>
</testsuite> <!-- com.pom.monefy.testcases.NewTransferTest -->
