<?xml version="1.0" encoding="UTF-8"?>
<!-- Generated by org.testng.reporters.JUnitReportReporter -->
<testsuite hostname="nish3147649-03" name="com.pom.monefy.testcases.IncomePageTest" tests="2" failures="0" timestamp="6 Sep 2021 08:13:05 GMT" time="33.529" errors="0">
  <testcase name="verifyIncomeShoulsNotBeAccepted" time="17.158" classname="com.pom.monefy.testcases.IncomePageTest"/>
  <testcase name="verifyNewIncome" time="16.371" classname="com.pom.monefy.testcases.IncomePageTest"/>
</testsuite> <!-- com.pom.monefy.testcases.IncomePageTest -->
