<?xml version="1.0" encoding="UTF-8"?>
<!-- Generated by org.testng.reporters.JUnitReportReporter -->
<testsuite hostname="nish3147649-03" name="com.pom.monefy.testcases.FoodExpenseTest" tests="1" failures="0" timestamp="6 Sep 2021 08:13:05 GMT" time="18.746" errors="0">
  <testcase name="verifyAddedExpense" time="18.746" classname="com.pom.monefy.testcases.FoodExpenseTest"/>
</testsuite> <!-- com.pom.monefy.testcases.FoodExpenseTest -->
