<?xml version="1.0" encoding="UTF-8"?>
<!-- Generated by org.testng.reporters.JUnitReportReporter -->
<testsuite skipped="0" hostname="jaspreet2893-01" name="com.pom.apidemos.testcases.FirstTest" tests="1" failures="0" timestamp="2020-08-20T19:51:33 IST" time="21.079" errors="0">
  <testcase name="firstTest" time="21.079" classname="com.pom.apidemos.testcases.FirstTest"/>
  <system-out/>
</testsuite> <!-- com.pom.apidemos.testcases.FirstTest -->
