<?xml version="1.0" encoding="UTF-8"?>
<!-- Generated by org.testng.reporters.JUnitReportReporter -->
<testsuite hostname="nish3147649-03" name="com.pom.monefy.testcases.ExpensePageTest" tests="2" failures="0" timestamp="6 Sep 2021 08:13:05 GMT" time="35.966" errors="0">
  <testcase name="verifyExpenseShouldNotBeAccepted" time="19.519" classname="com.pom.monefy.testcases.ExpensePageTest"/>
  <testcase name="verifyExpenseButton" time="16.447" classname="com.pom.monefy.testcases.ExpensePageTest"/>
</testsuite> <!-- com.pom.monefy.testcases.ExpensePageTest -->
