<?xml version="1.0" encoding="UTF-8"?>
<!-- Generated by org.testng.reporters.JUnitReportReporter -->
<testsuite hostname="nish3147649-03" name="com.pom.monefy.testcases.HomePageTest" tests="6" failures="0" timestamp="6 Sep 2021 08:13:05 GMT" time="84.661" errors="0">
  <testcase name="verifyRightSettingsMenu" time="14.124" classname="com.pom.monefy.testcases.HomePageTest"/>
  <testcase name="verifyAppHeader" time="12.733" classname="com.pom.monefy.testcases.HomePageTest"/>
  <testcase name="verifyLeftSettingsMenu" time="14.158" classname="com.pom.monefy.testcases.HomePageTest"/>
  <testcase name="verifyProPage" time="17.266" classname="com.pom.monefy.testcases.HomePageTest"/>
  <testcase name="verifyIncomeButton" time="13.303" classname="com.pom.monefy.testcases.HomePageTest"/>
  <testcase name="verifyExpenseButton" time="13.077" classname="com.pom.monefy.testcases.HomePageTest"/>
</testsuite> <!-- com.pom.monefy.testcases.HomePageTest -->
