<?xml version="1.0" encoding="UTF-8"?>
<!-- Generated by org.testng.reporters.JUnitReportReporter -->
<testsuite skipped="0" hostname="jaspreet2893-01" name="com.pom.apidemos.testcases.Flow4Test" tests="1" failures="0" timestamp="2020-08-27T12:10:05 IST" time="19.832" errors="0">
  <testcase name="flow4Test" time="19.832" classname="com.pom.apidemos.testcases.Flow4Test"/>
  <system-out/>
</testsuite> <!-- com.pom.apidemos.testcases.Flow4Test -->
