<?xml version="1.0" encoding="UTF-8"?>
<!-- Generated by org.testng.reporters.JUnitReportReporter -->
<testsuite skipped="0" hostname="jaspreet2893-01" name="com.pom.apidemos.testcases.ChildClass" tests="1" failures="0" timestamp="2020-08-24T15:14:09 IST" time="0.007" errors="0">
  <testcase name="testCase" time="0.007" classname="com.pom.apidemos.testcases.ChildClass"/>
  <system-out/>
</testsuite> <!-- com.pom.apidemos.testcases.ChildClass -->
